{
  "stats": {
    "suites": 2,
    "tests": 9,
    "passes": 9,
    "pending": 0,
    "failures": 0,
    "start": "2022-09-25T09:19:27.559Z",
    "end": "2022-09-25T09:19:27.604Z",
    "duration": 45,
    "testsRegistered": 9,
    "passPercent": 100,
    "pendingPercent": 0,
    "other": 0,
    "hasOther": false,
    "skipped": 0,
    "hasSkipped": false
  },
  "results": [
    {
      "uuid": "a4c0cdb3-a8dd-4c24-ba8b-990c1489b661",
      "title": "",
      "fullFile": "",
      "file": "",
      "beforeHooks": [],
      "afterHooks": [],
      "tests": [],
      "suites": [
        {
          "uuid": "8c60ea0b-512c-4e77-8592-b0820a95b982",
          "title": "Should test the items",
          "fullFile": "/home/saeedhassansolangi/Desktop/donate/backend/test/item.test.js",
          "file": "/test/item.test.js",
          "beforeHooks": [
            {
              "title": "\"before each\" hook in \"Should test the items\"",
              "fullTitle": "Should test the items \"before each\" hook in \"Should test the items\"",
              "timedOut": false,
              "duration": 0,
              "state": null,
              "speed": null,
              "pass": false,
              "fail": false,
              "pending": false,
              "context": null,
              "code": "server = request.agent(\"http://127.0.0.1:5000\");",
              "err": {},
              "uuid": "11123ebe-f58b-40dc-849e-5d24be03db5f",
              "parentUUID": "8c60ea0b-512c-4e77-8592-b0820a95b982",
              "isHook": true,
              "skipped": false
            }
          ],
          "afterHooks": [],
          "tests": [
            {
              "title": "should connect to the server",
              "fullTitle": "Should test the items should connect to the server",
              "timedOut": false,
              "duration": 0,
              "state": "passed",
              "speed": "fast",
              "pass": true,
              "fail": false,
              "pending": false,
              "context": null,
              "code": "assert.ok(server);",
              "err": {},
              "uuid": "587347c3-a9fe-46cc-ab8f-a171fcdcda97",
              "parentUUID": "8c60ea0b-512c-4e77-8592-b0820a95b982",
              "isHook": false,
              "skipped": false
            },
            {
              "title": "GET /donations",
              "fullTitle": "Should test the items GET /donations",
              "timedOut": false,
              "duration": 9,
              "state": "passed",
              "speed": "fast",
              "pass": true,
              "fail": false,
              "pending": false,
              "context": null,
              "code": "server\n  .get(\"/donations/\")\n  .expect(\"Content-type\", /json/)\n  .expect(200)\n  .end(function (_, res) {\n    assert.equal(200, res.status, \"should return 200\");\n  });",
              "err": {},
              "uuid": "bb5bc22e-a6d6-49ef-ae40-64d4e1f36a99",
              "parentUUID": "8c60ea0b-512c-4e77-8592-b0820a95b982",
              "isHook": false,
              "skipped": false
            },
            {
              "title": "POST /donations",
              "fullTitle": "Should test the items POST /donations",
              "timedOut": false,
              "duration": 3,
              "state": "passed",
              "speed": "fast",
              "pass": true,
              "fail": false,
              "pending": false,
              "context": null,
              "code": "server\n  .post(\"/donations/\")\n  .send(donation)\n  .expect(\"Content-type\", /json/)\n  .end(function (_, res) {\n    assert(res.body.message.includes(\"donation added successfully\"));\n  });",
              "err": {},
              "uuid": "21ee1658-1000-4dba-83ad-a8eabab7c66d",
              "parentUUID": "8c60ea0b-512c-4e77-8592-b0820a95b982",
              "isHook": false,
              "skipped": false
            },
            {
              "title": "POST /donations/collect",
              "fullTitle": "Should test the items POST /donations/collect",
              "timedOut": false,
              "duration": 1,
              "state": "passed",
              "speed": "fast",
              "pass": true,
              "fail": false,
              "pending": false,
              "context": null,
              "code": "server\n  .post(\"/donations/\")\n  .send(donation)\n  .expect(\"Content-type\", /json/)\n  .expect(201)\n  .end(function ($, _) {\n    server.get(\"/donations\").end(function (err, res) {\n      server\n        .post(`/donations/${res.body[res.body.length - 1]._id}/collect`)\n        .send({\n          email: \"saeedhassansolangi\",\n        })\n        .end(function (_, res) {\n          assert(\n            res.body.message.includes(\n              \"item collected successfully successfully\"\n            )\n          );\n        });\n    });\n  });",
              "err": {},
              "uuid": "2d6792eb-f61d-452d-a5ae-4f7eb2cbeac7",
              "parentUUID": "8c60ea0b-512c-4e77-8592-b0820a95b982",
              "isHook": false,
              "skipped": false
            },
            {
              "title": "POST /donations/distribute",
              "fullTitle": "Should test the items POST /donations/distribute",
              "timedOut": false,
              "duration": 1,
              "state": "passed",
              "speed": "fast",
              "pass": true,
              "fail": false,
              "pending": false,
              "context": null,
              "code": "server\n  .post(\"/donations/\")\n  .send(donation)\n  .expect(\"Content-type\", /json/)\n  .expect(201)\n  .end(function ($, _) {\n    server.get(\"/donations\").end(function (err, res) {\n      const lastItem = res.body[res.body.length - 1];\n      server\n        .post(`/donations/${lastItem._id}/collect`)\n        .send({\n          email: \"saeedhassansolangi\",\n        })\n        .end(function (_, res) {\n          server\n            .post(`/donations/${lastItem._id}/distribute`)\n            .send({\n              email: \"saeedhassansolangi\",\n            })\n            .end(function (err, res) {\n              const expectedMessage = \"donation distributed successfully\";\n              assert(res.body.message.includes(expectedMessage));\n            });\n        });\n    });\n  });",
              "err": {},
              "uuid": "500d70c7-9c55-4174-9606-00b0c29f6bce",
              "parentUUID": "8c60ea0b-512c-4e77-8592-b0820a95b982",
              "isHook": false,
              "skipped": false
            }
          ],
          "suites": [],
          "passes": [
            "587347c3-a9fe-46cc-ab8f-a171fcdcda97",
            "bb5bc22e-a6d6-49ef-ae40-64d4e1f36a99",
            "21ee1658-1000-4dba-83ad-a8eabab7c66d",
            "2d6792eb-f61d-452d-a5ae-4f7eb2cbeac7",
            "500d70c7-9c55-4174-9606-00b0c29f6bce"
          ],
          "failures": [],
          "pending": [],
          "skipped": [],
          "duration": 14,
          "root": false,
          "rootEmpty": false,
          "_timeout": 2000
        },
        {
          "uuid": "224fcb3a-b56c-437c-9ac4-173514a741b3",
          "title": "Should test the Users",
          "fullFile": "/home/saeedhassansolangi/Desktop/donate/backend/test/user.test.js",
          "file": "/test/user.test.js",
          "beforeHooks": [
            {
              "title": "\"before each\" hook in \"Should test the Users\"",
              "fullTitle": "Should test the Users \"before each\" hook in \"Should test the Users\"",
              "timedOut": false,
              "duration": 0,
              "state": null,
              "speed": null,
              "pass": false,
              "fail": false,
              "pending": false,
              "context": null,
              "code": "server = request.agent(\"http://127.0.0.1:5000\");",
              "err": {},
              "uuid": "7062ed4e-3a23-4697-9c91-511e595d8804",
              "parentUUID": "224fcb3a-b56c-437c-9ac4-173514a741b3",
              "isHook": true,
              "skipped": false
            }
          ],
          "afterHooks": [],
          "tests": [
            {
              "title": "should connect to the server",
              "fullTitle": "Should test the Users should connect to the server",
              "timedOut": false,
              "duration": 0,
              "state": "passed",
              "speed": "fast",
              "pass": true,
              "fail": false,
              "pending": false,
              "context": null,
              "code": "assert.ok(server);",
              "err": {},
              "uuid": "c9361910-7229-496a-9530-159f24da3d47",
              "parentUUID": "224fcb3a-b56c-437c-9ac4-173514a741b3",
              "isHook": false,
              "skipped": false
            },
            {
              "title": "POST /users/register",
              "fullTitle": "Should test the Users POST /users/register",
              "timedOut": false,
              "duration": 2,
              "state": "passed",
              "speed": "fast",
              "pass": true,
              "fail": false,
              "pending": false,
              "context": null,
              "code": "const user = {\n  email: \"masoodmagneejo@gmail.com\",\n  password: \"123456\",\n  username: \"masoodmagneejo\",\n  phone_number: \"03161607902\",\n  role: \"donar\",\n};\nserver\n  .post(\"/users/register\")\n  .send(user)\n  .expect(200)\n  .expect(\"Content-Type\", /json/)\n  .end(function (_, res) {\n    assert(res.body.hasOwnProperty(\"token\"), \"token is not found\");\n  });",
              "err": {},
              "uuid": "0f1a4806-ee4b-4715-b3db-ab583f098aed",
              "parentUUID": "224fcb3a-b56c-437c-9ac4-173514a741b3",
              "isHook": false,
              "skipped": false
            },
            {
              "title": "POST /users/login",
              "fullTitle": "Should test the Users POST /users/login",
              "timedOut": false,
              "duration": 2,
              "state": "passed",
              "speed": "fast",
              "pass": true,
              "fail": false,
              "pending": false,
              "context": null,
              "code": "server\n  .post(\"/users/login\")\n  .send({\n    email: \"saeedhassansolangi\",\n    password: \"123456\",\n  })\n  .expect(200)\n  .expect(\"Content-Type\", /json/)\n  .end(function (_, res) {\n    assert.equal(res.body.user.email, \"saeedhassansolangi\");\n  });",
              "err": {},
              "uuid": "51571ae6-2296-4560-8d0d-5b819bf3d582",
              "parentUUID": "224fcb3a-b56c-437c-9ac4-173514a741b3",
              "isHook": false,
              "skipped": false
            },
            {
              "title": "POST /users/register",
              "fullTitle": "Should test the Users POST /users/register",
              "timedOut": false,
              "duration": 2,
              "state": "passed",
              "speed": "fast",
              "pass": true,
              "fail": false,
              "pending": false,
              "context": null,
              "code": "server\n  .post(\"/users/register\")\n  .send(user)\n  .expect(422)\n  .expect(\"Content-Type\", /json/)\n  .end(function (_, res) {\n    assert(\n      res.body.message.includes(\"User already registered with this email\")\n    );\n  });",
              "err": {},
              "uuid": "2178ee93-70ed-43ed-92ed-22c346430001",
              "parentUUID": "224fcb3a-b56c-437c-9ac4-173514a741b3",
              "isHook": false,
              "skipped": false
            }
          ],
          "suites": [],
          "passes": [
            "c9361910-7229-496a-9530-159f24da3d47",
            "0f1a4806-ee4b-4715-b3db-ab583f098aed",
            "51571ae6-2296-4560-8d0d-5b819bf3d582",
            "2178ee93-70ed-43ed-92ed-22c346430001"
          ],
          "failures": [],
          "pending": [],
          "skipped": [],
          "duration": 6,
          "root": false,
          "rootEmpty": false,
          "_timeout": 2000
        }
      ],
      "passes": [],
      "failures": [],
      "pending": [],
      "skipped": [],
      "duration": 0,
      "root": true,
      "rootEmpty": true,
      "_timeout": 2000
    }
  ],
  "meta": {
    "mocha": {
      "version": "10.0.0"
    },
    "mochawesome": {
      "options": {
        "quiet": false,
        "reportFilename": "mochawesome",
        "saveHtml": true,
        "saveJson": true,
        "consoleReporter": "spec",
        "useInlineDiffs": false,
        "code": true
      },
      "version": "7.1.3"
    },
    "marge": {
      "options": null,
      "version": "6.2.0"
    }
  }
}